12:17:21.859 [TestNG-tests-1] INFO  testCases.TC_001_AroundCognizant - ***navigating to new URL***
12:17:23.341 [TestNG-tests-2] INFO  testCases.TC_001_AroundCognizant - ***opening a new tab***
12:17:23.436 [TestNG-tests-2] INFO  testCases.TC_001_AroundCognizant - ***switching to new tab***
12:17:23.456 [TestNG-tests-2] INFO  testCases.TC_001_AroundCognizant - ***navigating to new URL***
12:17:28.702 [TestNG-tests-1] INFO  testCases.TC_001_AroundCognizant - ***Printing the description of the top five news ***
12:17:30.010 [TestNG-tests-2] INFO  testCases.TC_001_AroundCognizant - ***Printing the description of the top five news ***
12:17:37.904 [TestNG-tests-1] INFO  testCases.TC_001_AroundCognizant - ***opening a new tab***
12:17:38.026 [TestNG-tests-1] INFO  testCases.TC_001_AroundCognizant - ***switching to new tab***
12:17:38.042 [TestNG-tests-1] INFO  testCases.TC_001_AroundCognizant - ***navigating to new URL***
12:17:39.226 [TestNG-tests-2] INFO  testCases.TC_001_AroundCognizant - ***opening a new tab***
12:17:39.341 [TestNG-tests-2] INFO  testCases.TC_001_AroundCognizant - ***switching to new tab***
12:17:39.363 [TestNG-tests-2] INFO  testCases.TC_001_AroundCognizant - ***navigating to new URL***
12:17:52.138 [TestNG-tests-1] INFO  testCases.TC_001_AroundCognizant - ***Printing the description of the top five news ***
12:17:53.237 [TestNG-tests-2] INFO  testCases.TC_001_AroundCognizant - ***Printing the description of the top five news ***
12:18:01.358 [TestNG-tests-1] INFO  testCases.TC_001_AroundCognizant - ***opening a new tab***
12:18:01.495 [TestNG-tests-1] INFO  testCases.TC_001_AroundCognizant - ***switching to new tab***
12:18:01.520 [TestNG-tests-1] INFO  testCases.TC_001_AroundCognizant - ***navigating to new URL***
12:18:02.427 [TestNG-tests-2] INFO  testCases.TC_001_AroundCognizant - ***opening a new tab***
12:18:02.528 [TestNG-tests-2] INFO  testCases.TC_001_AroundCognizant - ***switching to new tab***
12:18:02.545 [TestNG-tests-2] INFO  testCases.TC_001_AroundCognizant - ***navigating to new URL***
12:18:08.606 [TestNG-tests-1] INFO  testCases.TC_001_AroundCognizant - ***Printing the description of the top five news ***
12:18:09.765 [TestNG-tests-2] INFO  testCases.TC_001_AroundCognizant - ***Printing the description of the top five news ***
12:18:19.732 [TestNG-tests-1] INFO  testCases.TC_001_AroundCognizant - ***Testcase 4 is ended***
12:18:20.907 [TestNG-tests-2] INFO  testCases.TC_001_AroundCognizant - ***Testcase 4 is ended***
13:51:44.520 [TestNG-tests-2] INFO  testCases.TC_001_AroundCognizant - ***Test case 1 is started***
13:51:44.863 [TestNG-tests-1] INFO  testCases.TC_001_AroundCognizant - ***Test case 1 is started***
13:52:04.612 [TestNG-tests-2] ERROR testCases.TC_001_AroundCognizant - ***test case 1 gets failed***
13:52:04.905 [TestNG-tests-1] ERROR testCases.TC_001_AroundCognizant - ***test case 1 gets failed***
13:52:05.128 [TestNG-tests-2] INFO  testCases.TC_001_AroundCognizant - **Test case 2 is started***
13:52:05.261 [TestNG-tests-1] INFO  testCases.TC_001_AroundCognizant - **Test case 2 is started***
13:52:25.199 [TestNG-tests-2] ERROR testCases.TC_001_AroundCognizant - **test case 2 gets failed***
13:52:25.296 [TestNG-tests-1] ERROR testCases.TC_001_AroundCognizant - **test case 2 gets failed***
13:52:25.468 [TestNG-tests-2] INFO  testCases.TC_001_AroundCognizant - *** test case 3 is started
13:52:25.611 [TestNG-tests-1] INFO  testCases.TC_001_AroundCognizant - *** test case 3 is started
13:52:45.540 [TestNG-tests-2] ERROR testCases.TC_001_AroundCognizant - *** test case 3 gets failed
13:52:46.781 [TestNG-tests-2] INFO  testCases.TC_001_AroundCognizant - ***Test case 4 is started***
13:52:47.029 [TestNG-tests-1] INFO  testCases.TC_001_AroundCognizant - ***printing all the news headers from news section***
13:52:47.355 [TestNG-tests-1] INFO  testCases.TC_001_AroundCognizant - ***validating header of news section and tool tip of the every news***
13:52:52.367 [TestNG-tests-1] INFO  testCases.TC_001_AroundCognizant - *** test case 3 is ended
13:52:52.565 [TestNG-tests-1] INFO  testCases.TC_001_AroundCognizant - ***Test case 4 is started***
